[debug] [2021-02-07T14:07:14.882Z] ----------------------------------------------------------------------
[debug] [2021-02-07T14:07:14.884Z] Command:       /usr/local/Cellar/node/14.5.0/bin/node /usr/local/bin/firebase deploy
[debug] [2021-02-07T14:07:14.884Z] CLI Version:   9.3.0
[debug] [2021-02-07T14:07:14.884Z] Platform:      darwin
[debug] [2021-02-07T14:07:14.884Z] Node Version:  v14.5.0
[debug] [2021-02-07T14:07:14.886Z] Time:          Sun Feb 07 2021 06:07:14 GMT-0800 (Pacific Standard Time)
[debug] [2021-02-07T14:07:14.886Z] ----------------------------------------------------------------------
[debug] [2021-02-07T14:07:14.886Z] 
[debug] [2021-02-07T14:07:14.893Z] > command requires scopes: ["email","openid","https://www.googleapis.com/auth/cloudplatformprojects.readonly","https://www.googleapis.com/auth/firebase","https://www.googleapis.com/auth/cloud-platform"]
[debug] [2021-02-07T14:07:14.893Z] > authorizing via signed-in user
[debug] [2021-02-07T14:07:14.893Z] [iam] checking project quaranmine for permissions ["datastore.indexes.create","datastore.indexes.delete","datastore.indexes.list","datastore.indexes.update","firebase.projects.get","firebasehosting.sites.update","firebaserules.releases.create","firebaserules.releases.update","firebaserules.rulesets.create"]
[debug] [2021-02-07T14:07:14.896Z] > refreshing access token with scopes: ["email","https://www.googleapis.com/auth/cloud-platform","https://www.googleapis.com/auth/cloudplatformprojects.readonly","https://www.googleapis.com/auth/firebase","openid"]
[debug] [2021-02-07T14:07:14.896Z] >>> HTTP REQUEST POST https://www.googleapis.com/oauth2/v3/token  
 <request body omitted>
[debug] [2021-02-07T14:07:15.495Z] <<< HTTP RESPONSE 200 {"pragma":"no-cache","date":"Sun, 07 Feb 2021 14:07:15 GMT","cache-control":"no-cache, no-store, max-age=0, must-revalidate","expires":"Mon, 01 Jan 1990 00:00:00 GMT","content-type":"application/json; charset=utf-8","vary":"X-Origin, Referer, Origin,Accept-Encoding","server":"scaffolding on HTTPServer2","x-xss-protection":"0","x-frame-options":"SAMEORIGIN","x-content-type-options":"nosniff","alt-svc":"h3-29=\":443\"; ma=2592000,h3-T051=\":443\"; ma=2592000,h3-Q050=\":443\"; ma=2592000,h3-Q046=\":443\"; ma=2592000,h3-Q043=\":443\"; ma=2592000,quic=\":443\"; ma=2592000; v=\"46,43\"","accept-ranges":"none","transfer-encoding":"chunked"}
[debug] [2021-02-07T14:07:15.507Z] >>> HTTP REQUEST POST https://cloudresourcemanager.googleapis.com/v1/projects/quaranmine:testIamPermissions  
 {"permissions":["datastore.indexes.create","datastore.indexes.delete","datastore.indexes.list","datastore.indexes.update","firebase.projects.get","firebasehosting.sites.update","firebaserules.releases.create","firebaserules.releases.update","firebaserules.rulesets.create"]}
[debug] [2021-02-07T14:07:16.077Z] <<< HTTP RESPONSE 200 {"content-type":"application/json; charset=UTF-8","vary":"X-Origin, Referer, Origin,Accept-Encoding","date":"Sun, 07 Feb 2021 14:07:16 GMT","server":"ESF","cache-control":"private","x-xss-protection":"0","x-frame-options":"SAMEORIGIN","x-content-type-options":"nosniff","server-timing":"gfet4t7; dur=67","alt-svc":"h3-29=\":443\"; ma=2592000,h3-T051=\":443\"; ma=2592000,h3-Q050=\":443\"; ma=2592000,h3-Q046=\":443\"; ma=2592000,h3-Q043=\":443\"; ma=2592000,quic=\":443\"; ma=2592000; v=\"46,43\"","accept-ranges":"none","transfer-encoding":"chunked"}
[debug] [2021-02-07T14:07:16.079Z] > refreshing access token with scopes: []
[debug] [2021-02-07T14:07:16.080Z] >>> HTTP REQUEST POST https://www.googleapis.com/oauth2/v3/token  
 <request body omitted>
[debug] [2021-02-07T14:07:16.483Z] <<< HTTP RESPONSE 200 {"cache-control":"no-cache, no-store, max-age=0, must-revalidate","date":"Sun, 07 Feb 2021 14:07:16 GMT","pragma":"no-cache","expires":"Mon, 01 Jan 1990 00:00:00 GMT","content-type":"application/json; charset=utf-8","vary":"X-Origin, Referer, Origin,Accept-Encoding","server":"scaffolding on HTTPServer2","x-xss-protection":"0","x-frame-options":"SAMEORIGIN","x-content-type-options":"nosniff","alt-svc":"h3-29=\":443\"; ma=2592000,h3-T051=\":443\"; ma=2592000,h3-Q050=\":443\"; ma=2592000,h3-Q046=\":443\"; ma=2592000,h3-Q043=\":443\"; ma=2592000,quic=\":443\"; ma=2592000; v=\"46,43\"","accept-ranges":"none","transfer-encoding":"chunked"}
[debug] [2021-02-07T14:07:16.497Z] >>> [apiv2][query] GET https://firebase.googleapis.com/v1beta1/projects/quaranmine [none]
[debug] [2021-02-07T14:07:17.193Z] <<< [apiv2][status] GET https://firebase.googleapis.com/v1beta1/projects/quaranmine 200
[debug] [2021-02-07T14:07:17.194Z] <<< [apiv2][body] GET https://firebase.googleapis.com/v1beta1/projects/quaranmine {"projectId":"quaranmine","projectNumber":"236109507282","displayName":"quaranMINE","name":"projects/quaranmine","resources":{"hostingSite":"quaranmine","storageBucket":"quaranmine.appspot.com","locationId":"us-central"},"state":"ACTIVE"}
[info] 
[info] === Deploying to 'quaranmine'...
[info] 
[info] i  deploying storage, firestore, hosting 
[debug] [2021-02-07T14:07:17.196Z] > refreshing access token with scopes: ["email","https://www.googleapis.com/auth/cloud-platform","https://www.googleapis.com/auth/cloudplatformprojects.readonly","https://www.googleapis.com/auth/firebase","openid"]
[debug] [2021-02-07T14:07:17.196Z] >>> HTTP REQUEST POST https://www.googleapis.com/oauth2/v3/token  
 <request body omitted>
[debug] [2021-02-07T14:07:17.851Z] <<< HTTP RESPONSE 200 {"pragma":"no-cache","date":"Sun, 07 Feb 2021 14:07:17 GMT","cache-control":"no-cache, no-store, max-age=0, must-revalidate","expires":"Mon, 01 Jan 1990 00:00:00 GMT","content-type":"application/json; charset=utf-8","vary":"X-Origin, Referer, Origin,Accept-Encoding","server":"scaffolding on HTTPServer2","x-xss-protection":"0","x-frame-options":"SAMEORIGIN","x-content-type-options":"nosniff","alt-svc":"h3-29=\":443\"; ma=2592000,h3-T051=\":443\"; ma=2592000,h3-Q050=\":443\"; ma=2592000,h3-Q046=\":443\"; ma=2592000,h3-Q043=\":443\"; ma=2592000,quic=\":443\"; ma=2592000; v=\"46,43\"","accept-ranges":"none","transfer-encoding":"chunked"}
[debug] [2021-02-07T14:07:17.863Z] >>> HTTP REQUEST GET https://appengine.googleapis.com/v1/apps/quaranmine  
 
[debug] [2021-02-07T14:07:18.577Z] <<< HTTP RESPONSE 200 {"content-type":"application/json; charset=UTF-8","vary":"X-Origin, Referer, Origin,Accept-Encoding","date":"Sun, 07 Feb 2021 14:07:18 GMT","server":"ESF","cache-control":"private","x-xss-protection":"0","x-frame-options":"SAMEORIGIN","x-content-type-options":"nosniff","alt-svc":"h3-29=\":443\"; ma=2592000,h3-T051=\":443\"; ma=2592000,h3-Q050=\":443\"; ma=2592000,h3-Q046=\":443\"; ma=2592000,h3-Q043=\":443\"; ma=2592000,quic=\":443\"; ma=2592000; v=\"46,43\"","accept-ranges":"none","transfer-encoding":"chunked"}
[info] i  firebase.storage: checking storage.rules for compilation errors... 
[debug] [2021-02-07T14:07:18.580Z] >>> HTTP REQUEST POST https://firebaserules.googleapis.com/v1/projects/quaranmine:test  
 {"source":{"files":[{"name":"storage.rules","content":"// Returns true if the uploaded file is an image and its size is below the given number of MB.\nfunction isImageBelowMaxSize(maxSizeMB) {\n  return request.resource.size < maxSizeMB * 1024 * 1024\n      && request.resource.contentType.matches('image/.*');\n}\n\nservice firebase.storage {\n  match /b/{bucket}/o {\n    match /{userId}/{messageId}/{fileName} {\n      allow write: if request.auth != null && request.auth.uid == userId && isImageBelowMaxSize(5);\n      allow read;\n    }\n  }\n}"}]}}
[debug] [2021-02-07T14:07:19.247Z] <<< HTTP RESPONSE 200 {"content-type":"application/json; charset=UTF-8","vary":"X-Origin, Referer, Origin,Accept-Encoding","date":"Sun, 07 Feb 2021 14:07:19 GMT","server":"ESF","cache-control":"private","x-xss-protection":"0","x-frame-options":"SAMEORIGIN","x-content-type-options":"nosniff","alt-svc":"h3-29=\":443\"; ma=2592000,h3-T051=\":443\"; ma=2592000,h3-Q050=\":443\"; ma=2592000,h3-Q046=\":443\"; ma=2592000,h3-Q043=\":443\"; ma=2592000,quic=\":443\"; ma=2592000; v=\"46,43\"","accept-ranges":"none","transfer-encoding":"chunked"}
[warn] ⚠  [W] undefined:undefined - Ruleset uses old version (version [1]). Please update to the latest version (version [2]). 
[info] ✔  firebase.storage: rules file storage.rules compiled successfully 
[info] i  cloud.firestore: checking firestore.rules for compilation errors... 
[debug] [2021-02-07T14:07:19.251Z] >>> HTTP REQUEST POST https://firebaserules.googleapis.com/v1/projects/quaranmine:test  
 {"source":{"files":[{"name":"firestore.rules","content":"service cloud.firestore {\n  match /databases/{database}/documents {\n    // Messages://   - Anyone can read.//   - Authenticated users can add and edit messages.//   - Validation: Check name is same as auth token and text length below 300 char or that imageUrl is a URL.//   - Deletes are not allowed.\n    match /messages/{messageId} {\n      allow read;\n      allow create, update: if request.auth != null\n                    && request.resource.data.name == request.auth.token.name\n                    && (request.resource.data.text is string\n                      && request.resource.data.text.size() <= 300\n                      || request.resource.data.imageUrl is string\n                      && request.resource.data.imageUrl.matches('https?://.*'));\n      allow delete: if false;\n    }\n    // FCM Tokens://   - Anyone can write their token.//   - Reading list of tokens is not allowed.\n    match /fcmTokens/{token} {\n      allow read: if false;\n      allow write;\n    }\n  }\n}\n\n"}]}}
[debug] [2021-02-07T14:07:19.710Z] <<< HTTP RESPONSE 200 {"content-type":"application/json; charset=UTF-8","vary":"X-Origin, Referer, Origin,Accept-Encoding","date":"Sun, 07 Feb 2021 14:07:19 GMT","server":"ESF","cache-control":"private","x-xss-protection":"0","x-frame-options":"SAMEORIGIN","x-content-type-options":"nosniff","alt-svc":"h3-29=\":443\"; ma=2592000,h3-T051=\":443\"; ma=2592000,h3-Q050=\":443\"; ma=2592000,h3-Q046=\":443\"; ma=2592000,h3-Q043=\":443\"; ma=2592000,quic=\":443\"; ma=2592000; v=\"46,43\"","accept-ranges":"none","transfer-encoding":"chunked"}
[warn] ⚠  [W] undefined:undefined - Ruleset uses old version (version [1]). Please update to the latest version (version [2]). 
[info] ✔  cloud.firestore: rules file firestore.rules compiled successfully 
[debug] [2021-02-07T14:07:19.713Z] >>> HTTP REQUEST POST https://firebasehosting.googleapis.com/v1beta1/sites/quaranmine/versions  
 {"config":{"rewrites":[{"glob":"**","path":"/index.html"}]},"labels":{"deployment-tool":"cli-firebase"}}
[debug] [2021-02-07T14:07:20.869Z] <<< HTTP RESPONSE 200 {"content-type":"application/json; charset=UTF-8","vary":"X-Origin, Referer, Origin,Accept-Encoding","date":"Sun, 07 Feb 2021 14:07:20 GMT","server":"ESF","cache-control":"private","x-xss-protection":"0","x-frame-options":"SAMEORIGIN","x-content-type-options":"nosniff","alt-svc":"h3-29=\":443\"; ma=2592000,h3-T051=\":443\"; ma=2592000,h3-Q050=\":443\"; ma=2592000,h3-Q046=\":443\"; ma=2592000,h3-Q043=\":443\"; ma=2592000,quic=\":443\"; ma=2592000; v=\"46,43\"","accept-ranges":"none","transfer-encoding":"chunked"}
[debug] [2021-02-07T14:07:20.871Z] >>> HTTP REQUEST GET https://firebaserules.googleapis.com/v1/projects/quaranmine/releases?pageSize=10&pageToken=  
 
[debug] [2021-02-07T14:07:21.487Z] <<< HTTP RESPONSE 200 {"content-type":"application/json; charset=UTF-8","vary":"X-Origin, Referer, Origin,Accept-Encoding","date":"Sun, 07 Feb 2021 14:07:21 GMT","server":"ESF","cache-control":"private","x-xss-protection":"0","x-frame-options":"SAMEORIGIN","x-content-type-options":"nosniff","alt-svc":"h3-29=\":443\"; ma=2592000,h3-T051=\":443\"; ma=2592000,h3-Q050=\":443\"; ma=2592000,h3-Q046=\":443\"; ma=2592000,h3-Q043=\":443\"; ma=2592000,quic=\":443\"; ma=2592000; v=\"46,43\"","accept-ranges":"none","transfer-encoding":"chunked"}
[debug] [2021-02-07T14:07:21.489Z] >>> HTTP REQUEST GET https://firebaserules.googleapis.com/v1/projects/quaranmine/rulesets/c3696dca-b93d-4595-acb4-38932d8c8a63  
 
[debug] [2021-02-07T14:07:21.916Z] <<< HTTP RESPONSE 200 {"content-type":"application/json; charset=UTF-8","vary":"X-Origin, Referer, Origin,Accept-Encoding","date":"Sun, 07 Feb 2021 14:07:21 GMT","server":"ESF","cache-control":"private","x-xss-protection":"0","x-frame-options":"SAMEORIGIN","x-content-type-options":"nosniff","alt-svc":"h3-29=\":443\"; ma=2592000,h3-T051=\":443\"; ma=2592000,h3-Q050=\":443\"; ma=2592000,h3-Q046=\":443\"; ma=2592000,h3-Q043=\":443\"; ma=2592000,quic=\":443\"; ma=2592000; v=\"46,43\"","accept-ranges":"none","transfer-encoding":"chunked"}
[info] i  storage: latest version of storage.rules already up to date, skipping upload... 
[debug] [2021-02-07T14:07:21.917Z] No Firestore indexes present.
[debug] [2021-02-07T14:07:21.918Z] >>> HTTP REQUEST GET https://firebaserules.googleapis.com/v1/projects/quaranmine/releases?pageSize=10&pageToken=  
 
[debug] [2021-02-07T14:07:22.521Z] <<< HTTP RESPONSE 200 {"content-type":"application/json; charset=UTF-8","vary":"X-Origin, Referer, Origin,Accept-Encoding","date":"Sun, 07 Feb 2021 14:07:22 GMT","server":"ESF","cache-control":"private","x-xss-protection":"0","x-frame-options":"SAMEORIGIN","x-content-type-options":"nosniff","alt-svc":"h3-29=\":443\"; ma=2592000,h3-T051=\":443\"; ma=2592000,h3-Q050=\":443\"; ma=2592000,h3-Q046=\":443\"; ma=2592000,h3-Q043=\":443\"; ma=2592000,quic=\":443\"; ma=2592000; v=\"46,43\"","accept-ranges":"none","transfer-encoding":"chunked"}
[debug] [2021-02-07T14:07:22.522Z] >>> HTTP REQUEST GET https://firebaserules.googleapis.com/v1/projects/quaranmine/rulesets/03d9073f-ab0b-4b98-91d2-6cfca397e2dc  
 
[debug] [2021-02-07T14:07:22.970Z] <<< HTTP RESPONSE 200 {"content-type":"application/json; charset=UTF-8","vary":"X-Origin, Referer, Origin,Accept-Encoding","date":"Sun, 07 Feb 2021 14:07:22 GMT","server":"ESF","cache-control":"private","x-xss-protection":"0","x-frame-options":"SAMEORIGIN","x-content-type-options":"nosniff","alt-svc":"h3-29=\":443\"; ma=2592000,h3-T051=\":443\"; ma=2592000,h3-Q050=\":443\"; ma=2592000,h3-Q046=\":443\"; ma=2592000,h3-Q043=\":443\"; ma=2592000,quic=\":443\"; ma=2592000; v=\"46,43\"","accept-ranges":"none","transfer-encoding":"chunked"}
[info] i  firestore: latest version of firestore.rules already up to date, skipping upload... 
[info] i  hosting[quaranmine]: beginning deploy... 
[info] i  hosting[quaranmine]: found 35 files in public 
[debug] [2021-02-07T14:07:22.986Z] > refreshing access token with scopes: []
[debug] [2021-02-07T14:07:22.986Z] >>> HTTP REQUEST POST https://www.googleapis.com/oauth2/v3/token  
 <request body omitted>
[debug] [2021-02-07T14:07:22.988Z] [hosting] hash cache [cHVibGlj] stored for 35 files
[debug] [2021-02-07T14:07:22.989Z] [hosting][hash queue][FINAL] {"max":2,"min":1,"avg":1,"active":0,"complete":35,"success":35,"errored":0,"retried":0,"total":35,"elapsed":5}
[debug] [2021-02-07T14:07:23.467Z] <<< HTTP RESPONSE 200 {"cache-control":"no-cache, no-store, max-age=0, must-revalidate","date":"Sun, 07 Feb 2021 14:07:23 GMT","pragma":"no-cache","expires":"Mon, 01 Jan 1990 00:00:00 GMT","content-type":"application/json; charset=utf-8","vary":"X-Origin, Referer, Origin,Accept-Encoding","server":"scaffolding on HTTPServer2","x-xss-protection":"0","x-frame-options":"SAMEORIGIN","x-content-type-options":"nosniff","alt-svc":"h3-29=\":443\"; ma=2592000,h3-T051=\":443\"; ma=2592000,h3-Q050=\":443\"; ma=2592000,h3-Q046=\":443\"; ma=2592000,h3-Q043=\":443\"; ma=2592000,quic=\":443\"; ma=2592000; v=\"46,43\"","accept-ranges":"none","transfer-encoding":"chunked"}
[debug] [2021-02-07T14:07:23.480Z] >>> [apiv2][query] POST https://firebasehosting.googleapis.com/v1beta1/sites/quaranmine/versions/71ecbf74e61fd64f:populateFiles [none]
[debug] [2021-02-07T14:07:23.481Z] >>> [apiv2][body] POST https://firebasehosting.googleapis.com/v1beta1/sites/quaranmine/versions/71ecbf74e61fd64f:populateFiles {"files":{"/404.html":"05cbc6f94d7a69ce2e29646eab13be2c884e61ba93e3094df5028866876d18b3","/couple.html":"ab5e9cd332c8a1a88c6d040c6db29e53c0fcd48855f37b24294b67519319aebf","/date.html":"40c9c0db3009c0811a71b1c5aa7c611d08d8c48b2cdab316293984a56cc6cec1","/gift.html":"f1b651238a58fe290baec6c5e32f3bdb1943dd2bd582f02569231f7a757c7837","/index.html":"daa8050be089dcf24738f7c66bdeb72794e06e1259884b52f8e63882cb62e3c2","/lastMin.html":"f1b651238a58fe290baec6c5e32f3bdb1943dd2bd582f02569231f7a757c7837","/nearYou.html":"be5bc7c3197933fda364935d4517fcbb01bd44a071eb7b835f517e4fbc6ecc9a","/outfit.html":"f1b651238a58fe290baec6c5e32f3bdb1943dd2bd582f02569231f7a757c7837","/single.html":"811bf910b289fff7e752c585e03e3fb9bc918ebef978a7c2e890868c91515216","/singleWheel.html":"a0b0fc9d736182afe16a5a907b814d63aa9246f91690611417b77d7515318652","/wheel.html":"cf2bda43c2afcb530b6d27757f98b5de7e340e8a620f248aeec2bce4115386fe","/assets/img/cupidBot.gif":"d65abd85c4df2543c8eba143057aeec2e86709aedd9c2088bb48f5a9596a6d5b","/assets/img/heart.png":"c08197c5f0c6d1cdbd9ab9fbcd1fdf0c0cc027f2369839632b76c7cb25f5026b","/assets/img/test.gif":"5cb43e7ea3b1299bd98400ed72ea055a634236f12a796ba4c29ff24e4ef70d93","/assets/img/portfolio/couples.png":"729fd2468760ee4254341f79ef52c1fb53dffe77938ad9bb58b60d5954965bb7","/assets/img/portfolio/ideas.png":"ce95437fb9588726b496d91575cc01751aa32d9a138b1f580bf62be11a832c91","/assets/img/portfolio/lastMin.png":"6a8871f522e6c9b5f3e22fe1a970a7bea60e1987684ae51ac19d46f822186d46","/assets/img/portfolio/nearMe.png":"fe1c9443642c56858c038d4fdf0ab3c7593d215f0c6d40db49356024f781c98e","/assets/img/portfolio/plan.png":"c0528af42673667062bc87e4c5cc9a1835f0e4b99928fcc19bc0d9c7fc448cf0","/assets/img/portfolio/shop.png":"728c272f8af981a0e35c0c2432fb6500a3766a9262eeeccb55da5170b27815b5","/assets/img/portfolio/singles.png":"dc07002379972f5089024e571e11a48cd8a1c5ea455aa17d45e669809e16be39","/css/body.css":"5c230cb185b7ddc19967309307c24bc510efca197151221c2ae88afd1755a7ac","/css/bot.css":"e6fb3b0de4caae8a18f4e8d39a85ab58468d85abebb66cfc2233059704611bc3","/css/botHeart.css":"f0bbe49d1bbc3ed5a1c6355bf5a48dab9563c0acbd6928bb495623c67e24e656","/css/heading.css":"941955234d719d36ea4f635bc85f02208fec849cba40647146e84ad6d4c53e34","/css/hearts.css":"d62d9547d00675b9a4581ad4f1e10b7307dabcd97dd227a43db411a7e6bc7459","/css/map.css":"c799366b37d4dbaa39e82a6b17d023f86305232bf523040d302f609a82c3f3c7","/css/styles.css":"cdb7b1a8a071da315f7902ec4e66f4fafbea940ee6fc47e2fefe7551f7a47e49","/css/wheel.css":"8c47786d62dedd3b70659b34464745fcadb7daf0404f13d45e54f63d6887a038","/js/hearts.js":"e4d66db0e9123005f2986aec5cc5a69d2e49e10cabd7d1a20be3824702ee0977","/js/index.js":"5da42c5ed952d83fe8e00c9751ca15a29b0cb308eea979bcea26176deff30cf8","/js/map.js":"8360f638f1c139f3908a174b291e20b8ad95ced561a0a384dbdd311702b2a77a","/js/scripts.js":"77b921d6c9b5f9c702e9b1223fb2a957d0c0253c9ac22999def28bbfb0e29305","/js/singleWheel.js":"189e38d86378a14f1de5755863fd4d7d522d6b26e4e7cd0230ba586ff9e0f21e","/js/wheel.js":"8bace22b5357cbdb840733f870defb3d660a56acfc953c0a0af4d1653b948342"}}
[debug] [2021-02-07T14:07:24.253Z] <<< [apiv2][status] POST https://firebasehosting.googleapis.com/v1beta1/sites/quaranmine/versions/71ecbf74e61fd64f:populateFiles 200
[debug] [2021-02-07T14:07:24.253Z] <<< [apiv2][body] POST https://firebasehosting.googleapis.com/v1beta1/sites/quaranmine/versions/71ecbf74e61fd64f:populateFiles {"uploadRequiredHashes":["d65abd85c4df2543c8eba143057aeec2e86709aedd9c2088bb48f5a9596a6d5b","5cb43e7ea3b1299bd98400ed72ea055a634236f12a796ba4c29ff24e4ef70d93"],"uploadUrl":"https://upload-firebasehosting.googleapis.com/upload/sites/quaranmine/versions/71ecbf74e61fd64f/files"}
[debug] [2021-02-07T14:07:24.255Z] >>> [apiv2][query] POST https://upload-firebasehosting.googleapis.com/upload/sites/quaranmine/versions/71ecbf74e61fd64f/files/d65abd85c4df2543c8eba143057aeec2e86709aedd9c2088bb48f5a9596a6d5b [none]
[debug] [2021-02-07T14:07:24.255Z] >>> [apiv2][body] POST https://upload-firebasehosting.googleapis.com/upload/sites/quaranmine/versions/71ecbf74e61fd64f/files/d65abd85c4df2543c8eba143057aeec2e86709aedd9c2088bb48f5a9596a6d5b [stream]
[debug] [2021-02-07T14:07:24.256Z] >>> [apiv2][query] POST https://upload-firebasehosting.googleapis.com/upload/sites/quaranmine/versions/71ecbf74e61fd64f/files/5cb43e7ea3b1299bd98400ed72ea055a634236f12a796ba4c29ff24e4ef70d93 [none]
[debug] [2021-02-07T14:07:24.256Z] >>> [apiv2][body] POST https://upload-firebasehosting.googleapis.com/upload/sites/quaranmine/versions/71ecbf74e61fd64f/files/5cb43e7ea3b1299bd98400ed72ea055a634236f12a796ba4c29ff24e4ef70d93 [stream]
[debug] [2021-02-07T14:07:24.257Z] [hosting][populate queue][FINAL] {"max":1269,"min":1269,"avg":1269,"active":0,"complete":1,"success":1,"errored":0,"retried":0,"total":1,"elapsed":1271}
[debug] [2021-02-07T14:07:24.257Z] [hosting] uploads queued: 2
